[2025-03-23 13:00:40,403] INFO [QuorumController id=1] In the last 60000 ms period, 324 controller events were completed, which took an average of 9.46 ms each. The slowest event was writeNoOpRecord(2118118939), which took 25.97 ms. (org.apache.kafka.controller.EventPerformanceMonitor)
[2025-03-23 13:01:40,484] INFO [QuorumController id=1] In the last 60000 ms period, 325 controller events were completed, which took an average of 9.90 ms each. The slowest event was generatePeriodicPerformanceMessage(1384001810), which took 79.98 ms. (org.apache.kafka.controller.EventPerformanceMonitor)
[2025-03-23 13:02:40,087] INFO [QuorumController id=1] Periodic task electPreferred generated 0 records in 45 microseconds. (org.apache.kafka.controller.PeriodicTaskControlManager)
[2025-03-23 13:02:40,091] INFO [QuorumController id=1] Periodic task electUnclean generated 0 records in 44 microseconds. (org.apache.kafka.controller.PeriodicTaskControlManager)
[2025-03-23 13:02:40,484] INFO [QuorumController id=1] In the last 60000 ms period, 326 controller events were completed, which took an average of 9.49 ms each. The slowest event was writeNoOpRecord(1765867793), which took 26.68 ms. (org.apache.kafka.controller.EventPerformanceMonitor)
[2025-03-23 13:03:40,484] INFO [QuorumController id=1] In the last 60000 ms period, 324 controller events were completed, which took an average of 9.50 ms each. The slowest event was writeNoOpRecord(782099890), which took 26.48 ms. (org.apache.kafka.controller.EventPerformanceMonitor)
[2025-03-23 13:04:40,485] INFO [QuorumController id=1] In the last 60000 ms period, 325 controller events were completed, which took an average of 9.48 ms each. The slowest event was writeNoOpRecord(1030653872), which took 28.96 ms. (org.apache.kafka.controller.EventPerformanceMonitor)
[2025-03-23 13:05:40,485] INFO [QuorumController id=1] In the last 60000 ms period, 324 controller events were completed, which took an average of 9.51 ms each. The slowest event was writeNoOpRecord(231952922), which took 26.74 ms. (org.apache.kafka.controller.EventPerformanceMonitor)
[2025-03-23 13:06:40,485] INFO [QuorumController id=1] In the last 60000 ms period, 324 controller events were completed, which took an average of 9.52 ms each. The slowest event was writeNoOpRecord(1680150283), which took 26.51 ms. (org.apache.kafka.controller.EventPerformanceMonitor)
[2025-03-23 13:07:40,087] INFO [QuorumController id=1] Periodic task electPreferred generated 0 records in 33 microseconds. (org.apache.kafka.controller.PeriodicTaskControlManager)
[2025-03-23 13:07:40,091] INFO [QuorumController id=1] Periodic task electUnclean generated 0 records in 21 microseconds. (org.apache.kafka.controller.PeriodicTaskControlManager)
[2025-03-23 13:07:40,485] INFO [QuorumController id=1] In the last 60000 ms period, 327 controller events were completed, which took an average of 9.42 ms each. The slowest event was writeNoOpRecord(2123983915), which took 27.59 ms. (org.apache.kafka.controller.EventPerformanceMonitor)
[2025-03-23 13:08:40,486] INFO [QuorumController id=1] In the last 60000 ms period, 324 controller events were completed, which took an average of 9.46 ms each. The slowest event was writeNoOpRecord(657814514), which took 26.10 ms. (org.apache.kafka.controller.EventPerformanceMonitor)
[2025-03-23 13:09:40,486] INFO [QuorumController id=1] In the last 60000 ms period, 324 controller events were completed, which took an average of 9.44 ms each. The slowest event was writeNoOpRecord(1569102010), which took 26.07 ms. (org.apache.kafka.controller.EventPerformanceMonitor)
[2025-03-23 13:10:40,486] INFO [QuorumController id=1] In the last 60000 ms period, 325 controller events were completed, which took an average of 9.44 ms each. The slowest event was writeNoOpRecord(2088049158), which took 32.82 ms. (org.apache.kafka.controller.EventPerformanceMonitor)
[2025-03-23 13:11:40,486] INFO [QuorumController id=1] In the last 60000 ms period, 324 controller events were completed, which took an average of 9.44 ms each. The slowest event was writeNoOpRecord(1082135912), which took 26.00 ms. (org.apache.kafka.controller.EventPerformanceMonitor)
[2025-03-23 13:12:40,087] INFO [QuorumController id=1] Periodic task electPreferred generated 0 records in 30 microseconds. (org.apache.kafka.controller.PeriodicTaskControlManager)
[2025-03-23 13:12:40,092] INFO [QuorumController id=1] Periodic task electUnclean generated 0 records in 37 microseconds. (org.apache.kafka.controller.PeriodicTaskControlManager)
[2025-03-23 13:12:40,486] INFO [QuorumController id=1] In the last 60000 ms period, 326 controller events were completed, which took an average of 9.39 ms each. The slowest event was writeNoOpRecord(1103199915), which took 26.15 ms. (org.apache.kafka.controller.EventPerformanceMonitor)
[2025-03-23 13:13:37,854] INFO [QuorumController id=1] Unfenced broker 1 has requested and been granted a controlled shutdown. (org.apache.kafka.controller.BrokerHeartbeatManager)
[2025-03-23 13:13:37,902] INFO [QuorumController id=1] enterControlledShutdown[1]: changing 12 partition(s) (org.apache.kafka.controller.ReplicationControlManager)
[2025-03-23 13:13:37,931] INFO [QuorumController id=1] Replayed BrokerRegistrationChangeRecord modifying the registration for broker 1: BrokerRegistrationChangeRecord(brokerId=1, brokerEpoch=24987, fenced=0, inControlledShutdown=1, logDirs=[]) (org.apache.kafka.controller.ClusterControlManager)
[2025-03-23 13:13:38,026] INFO [QuorumController id=1] The request from broker 1 to shut down has been granted since the lowest active offset 9223372036854775807 is now greater than the broker's controlled shutdown offset 132483. (org.apache.kafka.controller.BrokerHeartbeatManager)
[2025-03-23 13:13:38,028] INFO [QuorumController id=1] Replayed BrokerRegistrationChangeRecord modifying the registration for broker 1: BrokerRegistrationChangeRecord(brokerId=1, brokerEpoch=24987, fenced=1, inControlledShutdown=0, logDirs=[]) (org.apache.kafka.controller.ClusterControlManager)
[2025-03-23 13:13:39,345] INFO [QuorumController id=1] writeNoOpRecord: event unable to start processing because of RejectedExecutionException (treated as TimeoutException). Exception message: The event queue is shutting down (org.apache.kafka.controller.QuorumController)
[2025-03-23 13:13:39,346] INFO [QuorumController id=1] maybeFenceStaleBroker: event unable to start processing because of RejectedExecutionException (treated as TimeoutException). Exception message: The event queue is shutting down (org.apache.kafka.controller.QuorumController)
[2025-03-23 13:13:39,346] INFO [QuorumController id=1] generatePeriodicPerformanceMessage: event unable to start processing because of RejectedExecutionException (treated as TimeoutException). Exception message: The event queue is shutting down (org.apache.kafka.controller.QuorumController)
[2025-03-23 13:13:39,346] INFO [QuorumController id=1] expireDelegationTokens: event unable to start processing because of RejectedExecutionException (treated as TimeoutException). Exception message: The event queue is shutting down (org.apache.kafka.controller.QuorumController)
[2025-03-23 13:13:39,346] INFO [QuorumController id=1] electPreferred: event unable to start processing because of RejectedExecutionException (treated as TimeoutException). Exception message: The event queue is shutting down (org.apache.kafka.controller.QuorumController)
[2025-03-23 13:13:39,346] INFO [QuorumController id=1] electUnclean: event unable to start processing because of RejectedExecutionException (treated as TimeoutException). Exception message: The event queue is shutting down (org.apache.kafka.controller.QuorumController)
